2025-01-14T19:22:28.356Z [INFO]: Server is running on http://localhost:5000
2025-01-14T19:22:29.629Z [INFO]: Connected to MongoDB successfully
2025-01-14T19:25:16.700Z [INFO]: User already exists:
2025-01-14T19:30:18.254Z [INFO]: User already exists:
2025-01-14T19:49:56.803Z [INFO]: Server is running on http://localhost:5000
2025-01-14T19:49:58.485Z [INFO]: Connected to MongoDB successfully
2025-01-14T20:01:09.497Z [INFO]: Server is running on http://localhost:5000
2025-01-14T20:01:10.040Z [INFO]: Connected to MongoDB successfully
2025-01-14T20:02:14.843Z [ERROR]: Error exchanging code for token: Cannot access 'error' before initialization
2025-01-14T20:02:15.036Z [ERROR]: Error exchanging code for token: Cannot access 'error' before initialization
2025-01-14T20:02:18.693Z [INFO]: User already exists:
2025-01-14T20:12:38.833Z [INFO]: Server is running on http://localhost:5000
2025-01-14T20:12:39.334Z [INFO]: Connected to MongoDB successfully
2025-01-14T20:13:31.814Z [INFO]: User already exists:
2025-01-14T20:22:14.998Z [INFO]: User already exists:
2025-01-14T20:22:40.575Z [INFO]: Server is running on http://localhost:5000
2025-01-14T20:22:41.071Z [INFO]: Connected to MongoDB successfully
2025-01-14T20:23:16.642Z [INFO]: User already exists:
2025-01-14T20:23:43.050Z [INFO]: User already exists:
2025-01-14T20:32:21.396Z [INFO]: Server is running on http://localhost:5000
2025-01-14T20:32:21.960Z [INFO]: Connected to MongoDB successfully
2025-01-14T20:32:31.535Z [INFO]: User already exists:
2025-01-14T20:34:19.578Z [INFO]: User already exists:
2025-01-14T20:34:56.763Z [ERROR]: Error exchanging code for token: Cannot access 'error' before initialization
2025-01-14T20:34:56.777Z [ERROR]: Error exchanging code for token: Cannot access 'error' before initialization
2025-01-14T20:35:20.832Z [INFO]: User already exists:
2025-01-14T20:40:29.098Z [INFO]: Server is running on http://localhost:5000
2025-01-14T20:40:29.594Z [INFO]: Connected to MongoDB successfully
2025-01-14T20:40:42.297Z [INFO]: User already exists:
2025-01-14T20:44:36.876Z [INFO]: User already exists:
2025-01-14T20:45:12.393Z [ERROR]: Error exchanging code for token: Cannot access 'error' before initialization
2025-01-14T20:45:12.607Z [ERROR]: Error exchanging code for token: Cannot access 'error' before initialization
2025-01-14T20:48:39.082Z [INFO]: Server is running on http://localhost:5000
2025-01-14T20:48:39.545Z [INFO]: Connected to MongoDB successfully
2025-01-14T20:48:57.145Z [INFO]: User already exists:
2025-01-14T20:50:24.543Z [INFO]: Server is running on http://localhost:5000
2025-01-14T20:50:25.053Z [INFO]: Connected to MongoDB successfully
2025-01-14T20:50:45.264Z [INFO]: Server is running on http://localhost:5000
2025-01-14T20:50:45.702Z [INFO]: Connected to MongoDB successfully
2025-01-14T20:51:04.827Z [ERROR]: Error exchanging code for token: Cannot access 'error' before initialization
2025-01-14T20:51:04.837Z [ERROR]: Error exchanging code for token: Cannot access 'error' before initialization
2025-01-14T20:51:14.132Z [INFO]: User already exists:
2025-01-14T20:52:21.096Z [ERROR]: Error exchanging code for token: Cannot access 'error' before initialization
2025-01-14T20:52:21.110Z [ERROR]: Error exchanging code for token: Cannot access 'error' before initialization
2025-01-14T20:52:28.065Z [INFO]: User already exists:
2025-01-14T20:52:41.365Z [ERROR]: Error exchanging code for token: Cannot access 'error' before initialization
2025-01-14T20:52:41.378Z [ERROR]: Error exchanging code for token: Cannot access 'error' before initialization
2025-01-14T20:52:55.631Z [INFO]: User already exists:
2025-01-14T20:55:01.419Z [ERROR]: Error exchanging code for token: Cannot access 'error' before initialization
2025-01-14T20:55:01.446Z [ERROR]: Error exchanging code for token: Cannot access 'error' before initialization
2025-01-14T20:55:09.334Z [INFO]: User already exists:
2025-01-14T21:13:45.341Z [INFO]: Server is running on http://localhost:5000
2025-01-14T21:13:45.887Z [INFO]: Connected to MongoDB successfully
2025-01-14T21:14:06.107Z [ERROR]: Error exchanging code for token: Cannot access 'error' before initialization
2025-01-14T21:14:06.117Z [ERROR]: Error exchanging code for token: Cannot access 'error' before initialization
2025-01-14T21:14:17.774Z [INFO]: User already exists:
2025-01-14T21:15:36.425Z [ERROR]: Error exchanging code for token: Cannot access 'error' before initialization
2025-01-14T21:15:36.624Z [ERROR]: Error exchanging code for token: Cannot access 'error' before initialization
2025-01-14T21:15:52.139Z [INFO]: User already exists:
2025-01-15T05:22:12.937Z [ERROR]: Error exchanging code for token: Cannot access 'error' before initialization
2025-01-15T05:22:13.107Z [ERROR]: Error exchanging code for token: Cannot access 'error' before initialization
2025-01-15T05:24:52.999Z [INFO]: User already exists:
2025-01-15T05:24:59.547Z [ERROR]: Error exchanging code for token: Cannot access 'error' before initialization
2025-01-15T05:24:59.568Z [ERROR]: Error exchanging code for token: Cannot access 'error' before initialization
2025-01-15T05:25:14.381Z [INFO]: Server is running on http://localhost:5000
2025-01-15T05:25:14.828Z [INFO]: Connected to MongoDB successfully
2025-01-15T05:25:20.918Z [INFO]: User already exists:
2025-01-15T05:31:04.204Z [INFO]: Server is running on http://localhost:5000
2025-01-15T05:31:04.726Z [INFO]: Connected to MongoDB successfully
2025-01-15T05:31:18.785Z [ERROR]: Error exchanging code for token: Cannot access 'error' before initialization
2025-01-15T05:31:18.794Z [ERROR]: Error exchanging code for token: Cannot access 'error' before initialization
2025-01-15T05:31:27.635Z [INFO]: User already exists:
2025-01-15T05:31:34.167Z [ERROR]: Error exchanging code for token: Cannot access 'error' before initialization
2025-01-15T05:31:34.178Z [ERROR]: Error exchanging code for token: Cannot access 'error' before initialization
2025-01-15T05:31:53.946Z [INFO]: User already exists:
2025-01-15T05:47:51.611Z [INFO]: Server is running on http://localhost:5000
2025-01-15T05:47:52.133Z [INFO]: Connected to MongoDB successfully
2025-01-15T05:48:10.920Z [INFO]: New user created:
2025-01-15T05:52:28.192Z [INFO]: Server is running on http://localhost:5000
2025-01-15T05:52:28.748Z [INFO]: Connected to MongoDB successfully
2025-01-15T05:52:40.784Z [INFO]: User already exists:
2025-01-15T05:59:25.353Z [INFO]: Server is running on http://localhost:5000
2025-01-15T05:59:25.862Z [INFO]: Connected to MongoDB successfully
2025-01-15T05:59:31.270Z [INFO]: User already exists:
2025-01-15T06:09:25.859Z [INFO]: Server is running on http://localhost:5000
2025-01-15T06:09:26.386Z [INFO]: Connected to MongoDB successfully
2025-01-15T06:09:37.369Z [INFO]: User already exists:
2025-01-15T06:11:19.057Z [INFO]: Server is running on http://localhost:5000
2025-01-15T06:11:19.589Z [INFO]: Connected to MongoDB successfully
2025-01-15T06:11:33.977Z [INFO]: User already exists:
2025-01-15T06:18:33.889Z [INFO]: Server is running on http://localhost:5000
2025-01-15T06:18:34.448Z [INFO]: Connected to MongoDB successfully
2025-01-15T06:19:17.090Z [INFO]: User already exists:
2025-01-15T06:20:02.466Z [INFO]: New user created:
2025-01-15T06:21:27.060Z [INFO]: Server is running on http://localhost:5000
2025-01-15T06:21:27.707Z [INFO]: Connected to MongoDB successfully
2025-01-15T06:21:39.020Z [INFO]: User already exists:
2025-01-15T06:24:00.721Z [INFO]: User already exists:
2025-01-15T06:29:09.503Z [INFO]: Server is running on http://localhost:5000
2025-01-15T06:29:10.046Z [INFO]: Connected to MongoDB successfully
2025-01-15T06:29:27.464Z [INFO]: User already exists:
2025-01-15T06:33:37.624Z [INFO]: Server is running on http://localhost:5000
2025-01-15T06:33:38.130Z [INFO]: Connected to MongoDB successfully
2025-01-15T06:36:30.054Z [INFO]: User already exists:
2025-01-15T06:37:39.252Z [INFO]: Server is running on http://localhost:5000
2025-01-15T06:37:39.745Z [INFO]: Connected to MongoDB successfully
2025-01-15T06:38:03.956Z [INFO]: Server is running on http://localhost:5000
2025-01-15T06:38:04.355Z [INFO]: Connected to MongoDB successfully
2025-01-15T06:38:50.245Z [INFO]: User already exists:
2025-01-15T06:39:31.471Z [INFO]: Server is running on http://localhost:5000
2025-01-15T06:39:31.978Z [INFO]: Connected to MongoDB successfully
2025-01-15T06:39:41.741Z [INFO]: User already exists:
2025-01-15T06:45:59.029Z [INFO]: Server is running on http://localhost:5000
2025-01-15T06:45:59.545Z [INFO]: Connected to MongoDB successfully
2025-01-15T06:49:18.904Z [INFO]: Server is running on http://localhost:5000
2025-01-15T06:49:19.423Z [INFO]: Connected to MongoDB successfully
2025-01-15T06:49:26.501Z [INFO]: User already exists:
2025-01-15T06:50:36.636Z [INFO]: New user created:
2025-01-15T06:53:26.416Z [INFO]: Server is running on http://localhost:5000
2025-01-15T06:53:26.881Z [INFO]: Connected to MongoDB successfully
2025-01-15T06:53:44.777Z [INFO]: New user created:
2025-01-15T06:54:41.761Z [ERROR]: Error exchanging code for token: Cannot access 'error' before initialization
2025-01-15T06:54:41.940Z [ERROR]: Error exchanging code for token: Cannot access 'error' before initialization
2025-01-15T06:54:51.450Z [INFO]: New user created:
2025-01-15T06:59:44.818Z [INFO]: Server is running on http://localhost:5000
2025-01-15T06:59:45.308Z [INFO]: Connected to MongoDB successfully
2025-01-15T06:59:48.776Z [ERROR]: Error saving profile: E11000 duplicate key error collection: TestProjectSeminar.profiles index: email_1 dup key: { email: "beam2998@gmail.com" }
2025-01-15T06:59:56.950Z [ERROR]: Error saving profile: E11000 duplicate key error collection: TestProjectSeminar.profiles index: email_1 dup key: { email: "beam2998@gmail.com" }
2025-01-15T07:00:58.257Z [INFO]: Server is running on http://localhost:5000
2025-01-15T07:00:58.859Z [INFO]: Connected to MongoDB successfully
2025-01-15T07:01:03.381Z [INFO]: New user created:
2025-01-15T07:01:16.855Z [INFO]: Profile saved successfully for user:
2025-01-15T07:01:30.042Z [INFO]: User already exists:
2025-01-15T07:01:52.962Z [INFO]: User already exists:
2025-01-15T07:01:55.249Z [ERROR]: Error exchanging code for token: Cannot access 'error' before initialization
2025-01-15T07:01:55.260Z [ERROR]: Error exchanging code for token: Cannot access 'error' before initialization
2025-01-15T07:05:06.215Z [INFO]: Server is running on http://localhost:5000
2025-01-15T07:05:06.713Z [INFO]: Connected to MongoDB successfully
2025-01-15T07:06:43.412Z [INFO]: User already exists:
2025-01-15T07:07:06.689Z [ERROR]: Error exchanging code for token: Cannot access 'error' before initialization
2025-01-15T07:07:06.695Z [ERROR]: Error exchanging code for token: Cannot access 'error' before initialization
2025-01-15T07:07:10.197Z [ERROR]: Error exchanging code for token: Cannot access 'error' before initialization
2025-01-15T07:07:10.219Z [ERROR]: Error exchanging code for token: Cannot access 'error' before initialization
2025-01-15T07:07:14.263Z [INFO]: User already exists:
2025-01-15T07:17:30.884Z [INFO]: User already exists:
2025-01-15T07:17:50.623Z [ERROR]: Error exchanging code for token: Cannot access 'error' before initialization
2025-01-15T07:17:50.654Z [ERROR]: Error exchanging code for token: Cannot access 'error' before initialization
2025-01-15T07:18:07.077Z [INFO]: New user created:
2025-01-15T07:18:25.112Z [INFO]: User already exists:
2025-01-15T07:18:39.397Z [ERROR]: Error exchanging code for token: Cannot access 'error' before initialization
2025-01-15T07:18:39.406Z [ERROR]: Error exchanging code for token: Cannot access 'error' before initialization
2025-01-15T07:19:03.894Z [INFO]: User already exists:
2025-01-15T07:19:05.395Z [ERROR]: Error exchanging code for token: Cannot access 'error' before initialization
2025-01-15T07:19:05.536Z [ERROR]: Error exchanging code for token: Cannot access 'error' before initialization
2025-01-15T15:47:06.822Z [INFO]: User already exists:
2025-01-15T15:47:28.077Z [ERROR]: Error exchanging code for token: Cannot access 'error' before initialization
2025-01-15T15:47:28.281Z [ERROR]: Error exchanging code for token: Cannot access 'error' before initialization
2025-01-15T15:47:54.394Z [INFO]: User already exists:
2025-01-15T15:47:55.807Z [ERROR]: Error exchanging code for token: Cannot access 'error' before initialization
2025-01-15T15:47:55.857Z [ERROR]: Error exchanging code for token: Cannot access 'error' before initialization
2025-01-15T15:59:20.209Z [INFO]: Server is running on http://localhost:5000
2025-01-15T15:59:20.674Z [INFO]: Connected to MongoDB successfully
2025-01-15T15:59:26.444Z [INFO]: User already exists:
2025-01-15T15:59:38.489Z [ERROR]: Error exchanging code for token: Cannot access 'error' before initialization
2025-01-15T15:59:38.498Z [ERROR]: Error exchanging code for token: Cannot access 'error' before initialization
2025-01-15T15:59:54.172Z [INFO]: Server is running on http://localhost:5000
2025-01-15T15:59:54.613Z [INFO]: Connected to MongoDB successfully
2025-01-15T16:00:07.369Z [INFO]: New user created:
2025-01-15T16:07:34.572Z [INFO]: Server is running on http://localhost:5000
2025-01-15T16:07:35.114Z [INFO]: Connected to MongoDB successfully
2025-01-15T16:07:55.240Z [INFO]: New user created:
2025-01-15T16:12:43.424Z [ERROR]: Error exchanging code for token: Cannot access 'error' before initialization
2025-01-15T16:12:43.432Z [ERROR]: Error exchanging code for token: Cannot access 'error' before initialization
2025-01-15T16:13:03.265Z [INFO]: New user created:
2025-01-15T16:15:24.508Z [INFO]: Server is running on http://localhost:5000
2025-01-15T16:15:25.062Z [INFO]: Connected to MongoDB successfully
2025-01-15T16:23:20.258Z [ERROR]: Error exchanging code for token: Cannot access 'error' before initialization
2025-01-15T16:23:20.268Z [ERROR]: Error exchanging code for token: Cannot access 'error' before initialization
2025-01-15T16:23:24.213Z [INFO]: User already exists:
2025-01-15T16:31:42.311Z [ERROR]: Error exchanging code for token: Cannot access 'error' before initialization
2025-01-15T16:31:42.332Z [ERROR]: Error exchanging code for token: Cannot access 'error' before initialization
2025-01-15T16:31:54.931Z [INFO]: New user created:
2025-01-15T16:34:28.812Z [INFO]: Server is running on http://localhost:5000
2025-01-15T16:34:29.346Z [INFO]: Connected to MongoDB successfully
2025-01-15T16:34:54.550Z [INFO]: New user created:
2025-01-17T00:11:33.009Z [INFO]: Server is running on http://localhost:5000
2025-01-17T00:11:33.470Z [INFO]: Connected to MongoDB successfully
2025-01-17T00:11:51.933Z [INFO]: User already exists:
2025-01-17T00:12:25.351Z [INFO]: Server is running on http://localhost:5000
2025-01-17T00:12:25.796Z [INFO]: Connected to MongoDB successfully
2025-01-17T00:12:51.681Z [INFO]: Server is running on http://localhost:5000
2025-01-17T00:12:52.183Z [INFO]: Connected to MongoDB successfully
2025-01-17T00:13:17.440Z [INFO]: User already exists:
2025-01-17T00:13:42.740Z [INFO]: Server is running on http://localhost:5000
2025-01-17T00:13:44.252Z [INFO]: Connected to MongoDB successfully
2025-01-17T00:13:51.513Z [INFO]: New user created:
2025-01-17T00:26:50.011Z [INFO]: New user created:
2025-01-17T00:27:27.861Z [INFO]: User already exists:
2025-01-17T00:27:42.541Z [INFO]: User already exists:
2025-01-17T00:27:57.378Z [INFO]: User already exists:
2025-01-17T00:28:26.857Z [INFO]: User already exists:
2025-01-17T00:28:47.391Z [INFO]: User already exists:
2025-01-17T00:29:01.149Z [INFO]: User already exists:
2025-01-17T00:29:55.859Z [INFO]: Server is running on http://localhost:5000
2025-01-17T00:29:56.721Z [INFO]: Connected to MongoDB successfully
2025-01-17T00:30:01.069Z [INFO]: New user created:
2025-01-17T00:31:59.979Z [INFO]: New user created:
2025-01-17T00:34:00.593Z [INFO]: Server is running on http://localhost:5000
2025-01-17T00:34:01.149Z [INFO]: Connected to MongoDB successfully
2025-01-17T00:34:27.441Z [INFO]: New user created:
2025-01-17T00:36:52.374Z [INFO]: User already exists:
2025-01-17T00:39:35.031Z [INFO]: User already exists:
2025-01-17T00:40:01.030Z [INFO]: User already exists:
2025-01-17T00:40:49.532Z [INFO]: User already exists:
2025-01-17T00:43:32.968Z [INFO]: New user created:
2025-01-17T00:43:55.886Z [INFO]: User already exists:
2025-01-17T00:44:14.969Z [INFO]: User already exists:
2025-01-17T00:49:50.314Z [INFO]: User already exists:
2025-01-17T00:50:40.500Z [INFO]: User already exists:
2025-01-17T01:00:48.283Z [INFO]: User already exists:
2025-01-17T01:01:06.606Z [INFO]: User already exists:
2025-01-17T01:01:37.886Z [INFO]: New user created:
2025-01-17T01:08:33.145Z [INFO]: Server is running on http://localhost:5000
2025-01-17T01:08:33.671Z [INFO]: Connected to MongoDB successfully
2025-01-17T01:08:46.584Z [INFO]: New user created:
2025-01-17T01:10:01.585Z [INFO]: Server is running on http://localhost:5000
2025-01-17T01:10:02.040Z [INFO]: Connected to MongoDB successfully
2025-01-17T01:10:15.111Z [INFO]: User already exists:
2025-01-17T01:12:37.336Z [INFO]: Server is running on http://localhost:5000
2025-01-17T01:12:37.853Z [INFO]: Connected to MongoDB successfully
2025-01-17T01:12:48.790Z [INFO]: New user created:
2025-01-17T01:13:23.049Z [INFO]: User already exists:
2025-01-17T01:13:50.327Z [INFO]: Server is running on http://localhost:5000
2025-01-17T01:13:50.841Z [INFO]: Connected to MongoDB successfully
2025-01-17T01:14:20.051Z [INFO]: User already exists:
2025-01-17T01:14:41.671Z [INFO]: User already exists:
2025-01-18T22:28:21.181Z [INFO]: Server is running on http://localhost:5000
2025-01-18T22:28:21.613Z [INFO]: Connected to MongoDB successfully
2025-01-18T22:28:56.018Z [INFO]: New user created:
2025-01-18T22:39:02.231Z [INFO]: User already exists:
2025-01-18T22:39:36.858Z [INFO]: User already exists:
2025-01-18T22:40:14.657Z [INFO]: User already exists:
2025-01-18T22:40:36.238Z [INFO]: User already exists:
2025-01-18T22:59:42.437Z [INFO]: User already exists:
2025-01-18T23:00:08.777Z [INFO]: User already exists:
2025-01-18T23:00:21.579Z [INFO]: User already exists:
2025-01-18T23:01:27.103Z [INFO]: User already exists:
2025-01-18T23:02:45.775Z [INFO]: User already exists:
2025-01-18T23:07:19.116Z [INFO]: User already exists:
2025-01-18T23:07:46.459Z [INFO]: User already exists:
